<?xml version="1.0" encoding="UTF-8"?>
<testsuite name="app.OrganizerSpec" tests="19" skipped="0" failures="0" errors="0" timestamp="2018-11-17T18:13:21" hostname="Pourias-MacBook-Pro.local" time="3.168">
  <properties/>
  <testcase name="0: Decreasing Todo priority from 10 to 9 throws RuntimeException" classname="app.OrganizerSpec" time="2.771"/>
  <testcase name="1: perform an HTTP get / which should redirect to /list" classname="app.OrganizerSpec" time="0.13"/>
  <testcase name="2: organizer with no todos on a get /create should see view CreateTodo with todo description null" classname="app.OrganizerSpec" time="0.057"/>
  <testcase name="3: organizer with no todos on a get /list should get Ok http response and view NoTodo" classname="app.OrganizerSpec" time="0.008"/>
  <testcase name="4: organizer with todos on a http get /next should get Ok http response and view NextTodo" classname="app.OrganizerSpec" time="0.008"/>
  <testcase name="5: On a http post /create with params should get Http 302 response and view /list" classname="app.OrganizerSpec" time="0.012"/>
  <testcase name="6: On post request /create with params should get ok http response and view CreateTodo and todo priority 4" classname="app.OrganizerSpec" time="0.072"/>
  <testcase name="7: when organizer has no todos it should show the view NoTodo" classname="app.OrganizerSpec" time="0.006"/>
  <testcase name="8: when organizer has todos it should show the view CreateTodo" classname="app.OrganizerSpec" time="0.007"/>
  <testcase name="9: On POST request /create with params should redirect to /list" classname="app.OrganizerSpec" time="0.007"/>
  <testcase name="10: On POST request /create with params should view CreateTodo with errors" classname="app.OrganizerSpec" time="0.009"/>
  <testcase name="11: important todos with no description cause error" classname="app.OrganizerSpec" time="0.007"/>
  <testcase name="12: important todos with description should not cause an error" classname="app.OrganizerSpec" time="0.008"/>
  <testcase name="13: If Todo not important priority must be below 100" classname="app.OrganizerSpec" time="0.007"/>
  <testcase name="14: non important todos should have Description with length greater than 20 " classname="app.OrganizerSpec" time="0.009"/>
  <testcase name="15: Important todos should not have the tasks matching the description" classname="app.OrganizerSpec" time="0.011"/>
  <testcase name="16: If result has no errors adding a todo redirects to /list" classname="app.OrganizerSpec" time="0.014"/>
  <testcase name="17: On deleteTodo(id) should delete todo with iD and redirect to /list" classname="app.OrganizerSpec" time="0.012"/>
  <testcase name="18: Show all todos from ListTodos" classname="app.OrganizerSpec" time="0.008"/>
  <system-out><![CDATA[18:13:20.232 [Test worker] DEBUG com.athaydes.spockframework.report.SpockReportExtension - Configuring com.athaydes.spockframework.report.SpockReportExtension
18:13:20.298 [Test worker] INFO com.athaydes.spockframework.report.internal.ConfigLoader - SpockReports config loaded: {com.athaydes.spockframework.report.showCodeBlocks=false, com.athaydes.spockframework.report.template.TemplateReportCreator.reportFileExtension=md, com.athaydes.spockframework.report.testSourceRoots=src/test/groovy, com.athaydes.spockframework.report.IReportCreator=com.athaydes.spockframework.report.internal.HtmlReportCreator, com.athaydes.spockframework.report.outputDir=build/spock-reports, com.athaydes.spockframework.report.internal.HtmlReportCreator.inlineCss=true, com.athaydes.spockframework.report.internal.HtmlReportCreator.featureReportCss=spock-feature-report.css, com.athaydes.spockframework.report.hideEmptyBlocks=false, com.athaydes.spockframework.report.internal.HtmlReportCreator.summaryReportCss=spock-summary-report.css, com.athaydes.spockframework.report.projectVersion=Unknown, com.athaydes.spockframework.report.template.TemplateReportCreator.specTemplateFile=/templateReportCreator/spec-template.md, com.athaydes.spockframework.report.template.TemplateReportCreator.summaryTemplateFile=/templateReportCreator/summary-template.md, com.athaydes.spockframework.report.internal.HtmlReportCreator.excludeToc=false, com.athaydes.spockframework.report.template.TemplateReportCreator.enabled=true, com.athaydes.spockframework.report.projectName=, com.athaydes.spockframework.report.template.TemplateReportCreator.summaryFileName=summary.md, com.athaydes.spockframework.report.internal.HtmlReportCreator.printThrowableStackTrace=false, com.athaydes.spockframework.report.internal.HtmlReportCreator.enabled=true}
18:13:20.408 [Test worker] DEBUG com.athaydes.spockframework.report.SpockReportExtension - Loading settings for reportCreator of type com.athaydes.spockframework.report.internal.HtmlReportCreator
18:13:20.701 [Test worker] DEBUG org.springframework.test.annotation.ProfileValueUtils - Retrieved @ProfileValueSourceConfiguration [null] for test class [app.OrganizerSpec]
18:13:20.704 [Test worker] DEBUG org.springframework.test.annotation.ProfileValueUtils - Retrieved ProfileValueSource type [class org.springframework.test.annotation.SystemProfileValueSource] for class [app.OrganizerSpec]
18:13:20.704 [Test worker] DEBUG org.springframework.test.annotation.ProfileValueUtils - Retrieved @ProfileValueSourceConfiguration [null] for test class [app.OrganizerSpec]
18:13:20.704 [Test worker] DEBUG org.springframework.test.annotation.ProfileValueUtils - Retrieved ProfileValueSource type [class org.springframework.test.annotation.SystemProfileValueSource] for class [app.OrganizerSpec]
18:13:20.713 [Test worker] DEBUG org.springframework.test.annotation.ProfileValueUtils - Retrieved @ProfileValueSourceConfiguration [null] for test class [app.OrganizerSpec]
18:13:20.713 [Test worker] DEBUG org.springframework.test.annotation.ProfileValueUtils - Retrieved ProfileValueSource type [class org.springframework.test.annotation.SystemProfileValueSource] for class [app.OrganizerSpec]
18:13:20.714 [Test worker] DEBUG org.springframework.test.annotation.ProfileValueUtils - Retrieved @ProfileValueSourceConfiguration [null] for test class [app.OrganizerSpec]
18:13:20.714 [Test worker] DEBUG org.springframework.test.annotation.ProfileValueUtils - Retrieved ProfileValueSource type [class org.springframework.test.annotation.SystemProfileValueSource] for class [app.OrganizerSpec]
18:13:20.715 [Test worker] DEBUG org.springframework.test.annotation.ProfileValueUtils - Retrieved @ProfileValueSourceConfiguration [null] for test class [app.OrganizerSpec]
18:13:20.715 [Test worker] DEBUG org.springframework.test.annotation.ProfileValueUtils - Retrieved ProfileValueSource type [class org.springframework.test.annotation.SystemProfileValueSource] for class [app.OrganizerSpec]
18:13:20.715 [Test worker] DEBUG org.springframework.test.annotation.ProfileValueUtils - Retrieved @ProfileValueSourceConfiguration [null] for test class [app.OrganizerSpec]
18:13:20.716 [Test worker] DEBUG org.springframework.test.annotation.ProfileValueUtils - Retrieved ProfileValueSource type [class org.springframework.test.annotation.SystemProfileValueSource] for class [app.OrganizerSpec]
18:13:20.716 [Test worker] DEBUG org.springframework.test.annotation.ProfileValueUtils - Retrieved @ProfileValueSourceConfiguration [null] for test class [app.OrganizerSpec]
18:13:20.716 [Test worker] DEBUG org.springframework.test.annotation.ProfileValueUtils - Retrieved ProfileValueSource type [class org.springframework.test.annotation.SystemProfileValueSource] for class [app.OrganizerSpec]
18:13:20.717 [Test worker] DEBUG org.springframework.test.annotation.ProfileValueUtils - Retrieved @ProfileValueSourceConfiguration [null] for test class [app.OrganizerSpec]
18:13:20.717 [Test worker] DEBUG org.springframework.test.annotation.ProfileValueUtils - Retrieved ProfileValueSource type [class org.springframework.test.annotation.SystemProfileValueSource] for class [app.OrganizerSpec]
18:13:20.717 [Test worker] DEBUG org.springframework.test.annotation.ProfileValueUtils - Retrieved @ProfileValueSourceConfiguration [null] for test class [app.OrganizerSpec]
18:13:20.718 [Test worker] DEBUG org.springframework.test.annotation.ProfileValueUtils - Retrieved ProfileValueSource type [class org.springframework.test.annotation.SystemProfileValueSource] for class [app.OrganizerSpec]
18:13:20.718 [Test worker] DEBUG org.springframework.test.annotation.ProfileValueUtils - Retrieved @ProfileValueSourceConfiguration [null] for test class [app.OrganizerSpec]
18:13:20.718 [Test worker] DEBUG org.springframework.test.annotation.ProfileValueUtils - Retrieved ProfileValueSource type [class org.springframework.test.annotation.SystemProfileValueSource] for class [app.OrganizerSpec]
18:13:20.719 [Test worker] DEBUG org.springframework.test.annotation.ProfileValueUtils - Retrieved @ProfileValueSourceConfiguration [null] for test class [app.OrganizerSpec]
18:13:20.719 [Test worker] DEBUG org.springframework.test.annotation.ProfileValueUtils - Retrieved ProfileValueSource type [class org.springframework.test.annotation.SystemProfileValueSource] for class [app.OrganizerSpec]
18:13:20.719 [Test worker] DEBUG org.springframework.test.annotation.ProfileValueUtils - Retrieved @ProfileValueSourceConfiguration [null] for test class [app.OrganizerSpec]
18:13:20.719 [Test worker] DEBUG org.springframework.test.annotation.ProfileValueUtils - Retrieved ProfileValueSource type [class org.springframework.test.annotation.SystemProfileValueSource] for class [app.OrganizerSpec]
18:13:20.720 [Test worker] DEBUG org.springframework.test.annotation.ProfileValueUtils - Retrieved @ProfileValueSourceConfiguration [null] for test class [app.OrganizerSpec]
18:13:20.720 [Test worker] DEBUG org.springframework.test.annotation.ProfileValueUtils - Retrieved ProfileValueSource type [class org.springframework.test.annotation.SystemProfileValueSource] for class [app.OrganizerSpec]
18:13:20.720 [Test worker] DEBUG org.springframework.test.annotation.ProfileValueUtils - Retrieved @ProfileValueSourceConfiguration [null] for test class [app.OrganizerSpec]
18:13:20.721 [Test worker] DEBUG org.springframework.test.annotation.ProfileValueUtils - Retrieved ProfileValueSource type [class org.springframework.test.annotation.SystemProfileValueSource] for class [app.OrganizerSpec]
18:13:20.721 [Test worker] DEBUG org.springframework.test.annotation.ProfileValueUtils - Retrieved @ProfileValueSourceConfiguration [null] for test class [app.OrganizerSpec]
18:13:20.721 [Test worker] DEBUG org.springframework.test.annotation.ProfileValueUtils - Retrieved ProfileValueSource type [class org.springframework.test.annotation.SystemProfileValueSource] for class [app.OrganizerSpec]
18:13:20.722 [Test worker] DEBUG org.springframework.test.annotation.ProfileValueUtils - Retrieved @ProfileValueSourceConfiguration [null] for test class [app.OrganizerSpec]
18:13:20.722 [Test worker] DEBUG org.springframework.test.annotation.ProfileValueUtils - Retrieved ProfileValueSource type [class org.springframework.test.annotation.SystemProfileValueSource] for class [app.OrganizerSpec]
18:13:20.722 [Test worker] DEBUG org.springframework.test.annotation.ProfileValueUtils - Retrieved @ProfileValueSourceConfiguration [null] for test class [app.OrganizerSpec]
18:13:20.722 [Test worker] DEBUG org.springframework.test.annotation.ProfileValueUtils - Retrieved ProfileValueSource type [class org.springframework.test.annotation.SystemProfileValueSource] for class [app.OrganizerSpec]
18:13:20.723 [Test worker] DEBUG org.springframework.test.annotation.ProfileValueUtils - Retrieved @ProfileValueSourceConfiguration [null] for test class [app.OrganizerSpec]
18:13:20.723 [Test worker] DEBUG org.springframework.test.annotation.ProfileValueUtils - Retrieved ProfileValueSource type [class org.springframework.test.annotation.SystemProfileValueSource] for class [app.OrganizerSpec]
18:13:20.723 [Test worker] DEBUG org.springframework.test.annotation.ProfileValueUtils - Retrieved @ProfileValueSourceConfiguration [null] for test class [app.OrganizerSpec]
18:13:20.723 [Test worker] DEBUG org.springframework.test.annotation.ProfileValueUtils - Retrieved ProfileValueSource type [class org.springframework.test.annotation.SystemProfileValueSource] for class [app.OrganizerSpec]
18:13:20.724 [Test worker] DEBUG org.springframework.test.annotation.ProfileValueUtils - Retrieved @ProfileValueSourceConfiguration [null] for test class [app.OrganizerSpec]
18:13:20.724 [Test worker] DEBUG org.springframework.test.annotation.ProfileValueUtils - Retrieved ProfileValueSource type [class org.springframework.test.annotation.SystemProfileValueSource] for class [app.OrganizerSpec]
18:13:20.730 [Test worker] DEBUG org.springframework.test.context.BootstrapUtils - Instantiating CacheAwareContextLoaderDelegate from class [org.springframework.test.context.cache.DefaultCacheAwareContextLoaderDelegate]
18:13:20.741 [Test worker] DEBUG org.springframework.test.context.BootstrapUtils - Instantiating BootstrapContext using constructor [public org.springframework.test.context.support.DefaultBootstrapContext(java.lang.Class,org.springframework.test.context.CacheAwareContextLoaderDelegate)]
18:13:20.750 [Test worker] DEBUG org.springframework.test.context.BootstrapUtils - Instantiating TestContextBootstrapper for test class [app.OrganizerSpec] from class [org.springframework.boot.test.autoconfigure.web.servlet.WebMvcTestContextBootstrapper]
18:13:20.773 [Test worker] DEBUG org.springframework.test.context.support.AbstractContextLoader - Did not detect default resource location for test class [app.OrganizerSpec]: class path resource [app/OrganizerSpec-context.xml] does not exist
18:13:20.773 [Test worker] DEBUG org.springframework.test.context.support.AbstractContextLoader - Did not detect default resource location for test class [app.OrganizerSpec]: class path resource [app/OrganizerSpecContext.groovy] does not exist
18:13:20.774 [Test worker] INFO org.springframework.test.context.support.AbstractContextLoader - Could not detect default resource locations for test class [app.OrganizerSpec]: no resource found for suffixes {-context.xml, Context.groovy}.
18:13:20.775 [Test worker] INFO org.springframework.test.context.support.AnnotationConfigContextLoaderUtils - Could not detect default configuration classes for test class [app.OrganizerSpec]: OrganizerSpec does not declare any static, non-private, non-final, nested classes annotated with @Configuration.
18:13:20.857 [Test worker] DEBUG org.springframework.test.context.support.ActiveProfilesUtils - Could not find an 'annotation declaring class' for annotation type [org.springframework.test.context.ActiveProfiles] and class [app.OrganizerSpec]
18:13:20.871 [Test worker] DEBUG org.springframework.core.env.StandardEnvironment - Adding PropertySource 'systemProperties' with lowest search precedence
18:13:20.871 [Test worker] DEBUG org.springframework.core.env.StandardEnvironment - Adding PropertySource 'systemEnvironment' with lowest search precedence
18:13:20.872 [Test worker] DEBUG org.springframework.core.env.StandardEnvironment - Initialized StandardEnvironment with PropertySources [MapPropertySource@1589407186 {name='systemProperties', properties={java.runtime.name=Java(TM) SE Runtime Environment, sun.boot.library.path=/Library/Java/JavaVirtualMachines/jdk1.8.0_152.jdk/Contents/Home/jre/lib, java.vm.version=25.152-b16, gopherProxySet=false, java.vm.vendor=Oracle Corporation, java.vendor.url=http://java.oracle.com/, path.separator=:, java.vm.name=Java HotSpot(TM) 64-Bit Server VM, file.encoding.pkg=sun.io, sun.java.launcher=SUN_STANDARD, user.country=GB, sun.os.patch.level=unknown, java.vm.specification.name=Java Virtual Machine Specification, user.dir=/Users/pouriatoopchi/Desktop/UniWork/Year2/SoftwareEngineering/Sprint3/Coursework/zr29-pt180-sprint-3-miniproject/sprint3.miniproject, java.runtime.version=1.8.0_152-b16, java.awt.graphicsenv=sun.awt.CGraphicsEnvironment, java.endorsed.dirs=/Library/Java/JavaVirtualMachines/jdk1.8.0_152.jdk/Contents/Home/jre/lib/endorsed, os.arch=x86_64, java.io.tmpdir=/var/folders/5n/_12ldkr56vd84wx0y6l2b1w80000gn/T/, line.separator=
, java.vm.specification.vendor=Oracle Corporation, user.variant=, os.name=Mac OS X, sun.jnu.encoding=UTF-8, java.library.path=/Users/pouriatoopchi/Library/Java/Extensions:/Library/Java/Extensions:/Network/Library/Java/Extensions:/System/Library/Java/Extensions:/usr/lib/java:., java.specification.name=Java Platform API Specification, java.class.version=52.0, org.gradle.native=false, sun.management.compiler=HotSpot 64-Bit Tiered Compilers, os.version=10.14.1, http.nonProxyHosts=local|*.local|169.254/16|*.169.254/16, user.home=/Users/pouriatoopchi, user.timezone=Europe/London, java.awt.printerjob=sun.lwawt.macosx.CPrinterJob, file.encoding=UTF-8, java.specification.version=1.8, java.class.path=/Users/pouriatoopchi/Desktop/UniWork/Year2/SoftwareEngineering/Sprint3/Coursework/zr29-pt180-sprint-3-miniproject/sprint3.miniproject/build/classes/java/test:/Users/pouriatoopchi/Desktop/UniWork/Year2/SoftwareEngineering/Sprint3/Coursework/zr29-pt180-sprint-3-miniproject/sprint3.miniproject/build/classes/groovy/test:/Users/pouriatoopchi/Desktop/UniWork/Year2/SoftwareEngineering/Sprint3/Coursework/zr29-pt180-sprint-3-miniproject/sprint3.miniproject/build/resources/test:/Users/pouriatoopchi/Desktop/UniWork/Year2/SoftwareEngineering/Sprint3/Coursework/zr29-pt180-sprint-3-miniproject/sprint3.miniproject/build/classes/java/main:/Users/pouriatoopchi/Desktop/UniWork/Year2/SoftwareEngineering/Sprint3/Coursework/zr29-pt180-sprint-3-miniproject/sprint3.miniproject/build/classes/groovy/main:/Users/pouriatoopchi/Desktop/UniWork/Year2/SoftwareEngineering/Sprint3/Coursework/zr29-pt180-sprint-3-miniproject/sprint3.miniproject/build/resources/main:/Users/pouriatoopchi/.gradle/caches/modules-2/files-2.1/org.springframework.boot/spring-boot-starter-web/2.0.4.RELEASE/98d49e981ecf804da877d84259b7b0d1ec2fb6f6/spring-boot-starter-web-2.0.4.RELEASE.jar:/Users/pouriatoopchi/.gradle/caches/modules-2/files-2.1/org.springframework.boot/spring-boot-devtools/2.0.4.RELEASE/f889fe31cfb4ddfa61e2b4637f9c2743bc0918dd/spring-boot-devtools-2.0.4.RELEASE.jar:/Users/pouriatoopchi/.gradle/caches/modules-2/files-2.1/org.apache.tomcat.embed/tomcat-embed-jasper/9.0.10/761ea6f3b09c163f3710f5e811693c0e7a66b5e8/tomcat-embed-jasper-9.0.10.jar:/Users/pouriatoopchi/.gradle/caches/modules-2/files-2.1/javax.servlet/jstl/1.2/74aca283cd4f4b4f3e425f5820cda58f44409547/jstl-1.2.jar:/Users/pouriatoopchi/.gradle/caches/modules-2/files-2.1/org.webjars/bootstrap/3.3.7/d6aeba80236573ed585baa657dac2b951caa8e7e/bootstrap-3.3.7.jar:/Users/pouriatoopchi/.gradle/caches/modules-2/files-2.1/org.springframework.boot/spring-boot-starter-test/2.0.4.RELEASE/8f473705d2742b669f0318f10a956f94a93ba3d2/spring-boot-starter-test-2.0.4.RELEASE.jar:/Users/pouriatoopchi/.gradle/caches/modules-2/files-2.1/org.spockframework/spock-spring/1.1-groovy-2.4/ba2e752469f955e76cfdb61cd64a36089619e05f/spock-spring-1.1-groovy-2.4.jar:/Users/pouriatoopchi/.gradle/caches/modules-2/files-2.1/org.spockframework/spock-core/1.1-groovy-2.4/1c42014d4a18995d5d4aa10a4e060e88f60fdf78/spock-core-1.1-groovy-2.4.jar:/Users/pouriatoopchi/.gradle/caches/modules-2/files-2.1/org.codehaus.groovy/groovy-all/2.4.15/423a17aeb2f64bc6f76e8e44265a548bec80fd42/groovy-all-2.4.15.jar:/Users/pouriatoopchi/.gradle/caches/modules-2/files-2.1/junit/junit/4.12/2973d150c0dc1fefe998f834810d68f278ea58ec/junit-4.12.jar:/Users/pouriatoopchi/.gradle/caches/modules-2/files-2.1/org.hamcrest/hamcrest-library/1.3/4785a3c21320980282f9f33d0d1264a69040538f/hamcrest-library-1.3.jar:/Users/pouriatoopchi/.gradle/caches/modules-2/files-2.1/org.hamcrest/hamcrest-core/1.3/42a25dc3219429f0e5d060061f71acb49bf010a0/hamcrest-core-1.3.jar:/Users/pouriatoopchi/.gradle/caches/modules-2/files-2.1/com.athaydes/spock-reports/1.3.1/53e90c085db00acbe4fee2d3383d4e4de499c3e9/spock-reports-1.3.1.jar:/Users/pouriatoopchi/.gradle/caches/modules-2/files-2.1/org.springframework.boot/spring-boot-starter-json/2.0.4.RELEASE/c7afabf0d7c85db178da4ce0634e3bd2ddb0eb71/spring-boot-starter-json-2.0.4.RELEASE.jar:/Users/pouriatoopchi/.gradle/caches/modules-2/files-2.1/org.springframework.boot/spring-boot-starter/2.0.4.RELEASE/ec46c63a2adeee40058eff1a6baefca13975dc94/spring-boot-starter-2.0.4.RELEASE.jar:/Users/pouriatoopchi/.gradle/caches/modules-2/files-2.1/org.springframework.boot/spring-boot-starter-tomcat/2.0.4.RELEASE/dcf28989a34b0801fea0e810c371fb9dab1e7784/spring-boot-starter-tomcat-2.0.4.RELEASE.jar:/Users/pouriatoopchi/.gradle/caches/modules-2/files-2.1/org.hibernate.validator/hibernate-validator/6.0.11.Final/36f9d10a11e4768f55e8fb91ebe4338a5c43954e/hibernate-validator-6.0.11.Final.jar:/Users/pouriatoopchi/.gradle/caches/modules-2/files-2.1/org.springframework/spring-webmvc/5.0.8.RELEASE/7e5fe57590ca8e4468e50fe1d92b0b67aa4a327a/spring-webmvc-5.0.8.RELEASE.jar:/Users/pouriatoopchi/.gradle/caches/modules-2/files-2.1/org.springframework/spring-web/5.0.8.RELEASE/fa43cdadb4ab2491fd1d0ddb06c0808e4b60fc85/spring-web-5.0.8.RELEASE.jar:/Users/pouriatoopchi/.gradle/caches/modules-2/files-2.1/org.springframework.boot/spring-boot-test-autoconfigure/2.0.4.RELEASE/8a2e3f31e607fdb08deda2f59263ce177f1c4310/spring-boot-test-autoconfigure-2.0.4.RELEASE.jar:/Users/pouriatoopchi/.gradle/caches/modules-2/files-2.1/org.springframework.boot/spring-boot-autoconfigure/2.0.4.RELEASE/65cd1244d606acc02ab7bfc47a203a3fe2400dda/spring-boot-autoconfigure-2.0.4.RELEASE.jar:/Users/pouriatoopchi/.gradle/caches/modules-2/files-2.1/org.springframework.boot/spring-boot-test/2.0.4.RELEASE/8a17fc3cf16b6d75f2ba132ade04409a670095de/spring-boot-test-2.0.4.RELEASE.jar:/Users/pouriatoopchi/.gradle/caches/modules-2/files-2.1/org.springframework.boot/spring-boot/2.0.4.RELEASE/c8619c5b06d4dcdb4cac1e5e9c839e6e8b1c8574/spring-boot-2.0.4.RELEASE.jar:/Users/pouriatoopchi/.gradle/caches/modules-2/files-2.1/org.apache.tomcat.embed/tomcat-embed-websocket/8.5.32/ea5302e378f1449d4e5dda79e8d810c1e7931f91/tomcat-embed-websocket-8.5.32.jar:/Users/pouriatoopchi/.gradle/caches/modules-2/files-2.1/org.apache.tomcat.embed/tomcat-embed-core/9.0.10/fbf9dbc97babe8425332e6baf3925e8f726f3d7b/tomcat-embed-core-9.0.10.jar:/Users/pouriatoopchi/.gradle/caches/modules-2/files-2.1/org.apache.tomcat.embed/tomcat-embed-el/9.0.10/7811474c12b6b3156a4b2c9d85d957c9542a7fd5/tomcat-embed-el-9.0.10.jar:/Users/pouriatoopchi/.gradle/caches/modules-2/files-2.1/org.eclipse.jdt/ecj/3.13.102/d8061c14ff6388664299403791ae6bec487c12d7/ecj-3.13.102.jar:/Users/pouriatoopchi/.gradle/caches/modules-2/files-2.1/org.webjars/jquery/1.11.1/195eda53ac8beba7bff08f9919b48c954c858590/jquery-1.11.1.jar:/Users/pouriatoopchi/.gradle/caches/modules-2/files-2.1/com.jayway.jsonpath/json-path/2.4.0/765a4401ceb2dc8d40553c2075eb80a8fa35c2ae/json-path-2.4.0.jar:/Users/pouriatoopchi/.gradle/caches/modules-2/files-2.1/org.assertj/assertj-core/3.9.1/c5ce126b15f28d56cd8f960c1a6a058b9c9aea87/assertj-core-3.9.1.jar:/Users/pouriatoopchi/.gradle/caches/modules-2/files-2.1/org.mockito/mockito-core/2.15.0/b84bfbbc29cd22c9529409627af6ea2897f4fa85/mockito-core-2.15.0.jar:/Users/pouriatoopchi/.gradle/caches/modules-2/files-2.1/org.skyscreamer/jsonassert/1.5.0/6c9d5fe2f59da598d9aefc1cfc6528ff3cf32df3/jsonassert-1.5.0.jar:/Users/pouriatoopchi/.gradle/caches/modules-2/files-2.1/org.springframework/spring-test/5.0.8.RELEASE/5782619373bd7e7b7d9106203c317b04bb613ebb/spring-test-5.0.8.RELEASE.jar:/Users/pouriatoopchi/.gradle/caches/modules-2/files-2.1/org.springframework/spring-context/5.0.8.RELEASE/3a067d8990761111c9b6d1d895640be26cc1fb38/spring-context-5.0.8.RELEASE.jar:/Users/pouriatoopchi/.gradle/caches/modules-2/files-2.1/org.springframework/spring-aop/5.0.8.RELEASE/f5086c1a3185c481104511837427b39a07a57aa2/spring-aop-5.0.8.RELEASE.jar:/Users/pouriatoopchi/.gradle/caches/modules-2/files-2.1/org.springframework/spring-beans/5.0.8.RELEASE/5fc965d3e7f5515099244857a8ae9e2a208c169b/spring-beans-5.0.8.RELEASE.jar:/Users/pouriatoopchi/.gradle/caches/modules-2/files-2.1/org.springframework/spring-expression/5.0.8.RELEASE/f23158f22c917df2cddf2ecebc398a9e95f95fae/spring-expression-5.0.8.RELEASE.jar:/Users/pouriatoopchi/.gradle/caches/modules-2/files-2.1/org.springframework/spring-core/5.0.8.RELEASE/dc39c49e3246cdf73d3786ac41119140aed3fa08/spring-core-5.0.8.RELEASE.jar:/Users/pouriatoopchi/.gradle/caches/modules-2/files-2.1/org.xmlunit/xmlunit-core/2.5.1/4ffdb346572a7356f7521cd3119ce5287d2e339d/xmlunit-core-2.5.1.jar:/Users/pouriatoopchi/.gradle/caches/modules-2/files-2.1/org.springframework.boot/spring-boot-starter-logging/2.0.4.RELEASE/dcd1a2c431c970f44adae64d9145133979a513ab/spring-boot-starter-logging-2.0.4.RELEASE.jar:/Users/pouriatoopchi/.gradle/caches/modules-2/files-2.1/javax.annotation/javax.annotation-api/1.3.2/934c04d3cfef185a8008e7bf34331b79730a9d43/javax.annotation-api-1.3.2.jar:/Users/pouriatoopchi/.gradle/caches/modules-2/files-2.1/org.yaml/snakeyaml/1.19/2d998d3d674b172a588e54ab619854d073f555b5/snakeyaml-1.19.jar:/Users/pouriatoopchi/.gradle/caches/modules-2/files-2.1/com.fasterxml.jackson.datatype/jackson-datatype-jdk8/2.9.6/456895fc91bf7180b216fead220373e6278230c9/jackson-datatype-jdk8-2.9.6.jar:/Users/pouriatoopchi/.gradle/caches/modules-2/files-2.1/com.fasterxml.jackson.datatype/jackson-datatype-jsr310/2.9.6/ea54f6193d224e5e5732bbd4262327eb465397c2/jackson-datatype-jsr310-2.9.6.jar:/Users/pouriatoopchi/.gradle/caches/modules-2/files-2.1/com.fasterxml.jackson.module/jackson-module-parameter-names/2.9.6/129acd77a4b6ee30d62d3a0899b1344c8ec2bff8/jackson-module-parameter-names-2.9.6.jar:/Users/pouriatoopchi/.gradle/caches/modules-2/files-2.1/com.fasterxml.jackson.core/jackson-databind/2.9.6/cfa4f316351a91bfd95cb0644c6a2c95f52db1fc/jackson-databind-2.9.6.jar:/Users/pouriatoopchi/.gradle/caches/modules-2/files-2.1/javax.validation/validation-api/2.0.1.Final/cb855558e6271b1b32e716d24cb85c7f583ce09e/validation-api-2.0.1.Final.jar:/Users/pouriatoopchi/.gradle/caches/modules-2/files-2.1/org.jboss.logging/jboss-logging/3.3.2.Final/3789d00e859632e6c6206adc0c71625559e6e3b0/jboss-logging-3.3.2.Final.jar:/Users/pouriatoopchi/.gradle/caches/modules-2/files-2.1/com.fasterxml/classmate/1.3.4/3d5f48f10bbe4eb7bd862f10c0583be2e0053c6/classmate-1.3.4.jar:/Users/pouriatoopchi/.gradle/caches/modules-2/files-2.1/org.apache.tomcat/tomcat-annotations-api/9.0.10/18836b46b76d385615a738d5136fdbdaf9b0f32c/tomcat-annotations-api-9.0.10.jar:/Users/pouriatoopchi/.gradle/caches/modules-2/files-2.1/net.minidev/json-smart/2.3/7396407491352ce4fa30de92efb158adb76b5b/json-smart-2.3.jar:/Users/pouriatoopchi/.gradle/caches/modules-2/files-2.1/ch.qos.logback/logback-classic/1.2.3/7c4f3c474fb2c041d8028740440937705ebb473a/logback-classic-1.2.3.jar:/Users/pouriatoopchi/.gradle/caches/modules-2/files-2.1/org.apache.logging.log4j/log4j-to-slf4j/2.10.0/f7e631ccf49cfc0aefa4a2a728da7d374c05bd3c/log4j-to-slf4j-2.10.0.jar:/Users/pouriatoopchi/.gradle/caches/modules-2/files-2.1/org.slf4j/jul-to-slf4j/1.7.25/af5364cd6679bfffb114f0dec8a157aaa283b76/jul-to-slf4j-1.7.25.jar:/Users/pouriatoopchi/.gradle/caches/modules-2/files-2.1/org.slf4j/slf4j-api/1.7.25/da76ca59f6a57ee3102f8f9bd9cee742973efa8a/slf4j-api-1.7.25.jar:/Users/pouriatoopchi/.gradle/caches/modules-2/files-2.1/net.bytebuddy/byte-buddy/1.7.9/51218a01a882c04d0aba8c028179cce488bbcb58/byte-buddy-1.7.9.jar:/Users/pouriatoopchi/.gradle/caches/modules-2/files-2.1/net.bytebuddy/byte-buddy-agent/1.7.9/a6c65f9da7f467ee1f02ff2841ffd3155aee2fc9/byte-buddy-agent-1.7.9.jar:/Users/pouriatoopchi/.gradle/caches/modules-2/files-2.1/org.objenesis/objenesis/2.6/639033469776fd37c08358c6b92a4761feb2af4b/objenesis-2.6.jar:/Users/pouriatoopchi/.gradle/caches/modules-2/files-2.1/com.vaadin.external.google/android-json/0.0.20131108.vaadin1/fa26d351fe62a6a17f5cda1287c1c6110dec413f/android-json-0.0.20131108.vaadin1.jar:/Users/pouriatoopchi/.gradle/caches/modules-2/files-2.1/org.springframework/spring-jcl/5.0.8.RELEASE/a1fa8fb560fb252321776e16bc9ac8201af4ef5e/spring-jcl-5.0.8.RELEASE.jar:/Users/pouriatoopchi/.gradle/caches/modules-2/files-2.1/com.fasterxml.jackson.core/jackson-annotations/2.9.0/7c10d545325e3a6e72e06381afe469fd40eb701/jackson-annotations-2.9.0.jar:/Users/pouriatoopchi/.gradle/caches/modules-2/files-2.1/com.fasterxml.jackson.core/jackson-core/2.9.6/4e393793c37c77e042ccc7be5a914ae39251b365/jackson-core-2.9.6.jar:/Users/pouriatoopchi/.gradle/caches/modules-2/files-2.1/net.minidev/accessors-smart/1.2/c592b500269bfde36096641b01238a8350f8aa31/accessors-smart-1.2.jar:/Users/pouriatoopchi/.gradle/caches/modules-2/files-2.1/ch.qos.logback/logback-core/1.2.3/864344400c3d4d92dfeb0a305dc87d953677c03c/logback-core-1.2.3.jar:/Users/pouriatoopchi/.gradle/caches/modules-2/files-2.1/org.apache.logging.log4j/log4j-api/2.10.0/fec5797a55b786184a537abd39c3fa1449d752d6/log4j-api-2.10.0.jar:/Users/pouriatoopchi/.gradle/caches/modules-2/files-2.1/org.ow2.asm/asm/5.0.4/da08b8cce7bbf903602a25a3a163ae252435795/asm-5.0.4.jar, user.name=pouriatoopchi, java.vm.specification.version=1.8, sun.java.command=worker.org.gradle.process.internal.worker.GradleWorkerMain 'Gradle Test Executor 26', java.home=/Library/Java/JavaVirtualMachines/jdk1.8.0_152.jdk/Contents/Home/jre, sun.arch.data.model=64, user.language=en, java.specification.vendor=Oracle Corporation, awt.toolkit=sun.lwawt.macosx.LWCToolkit, java.vm.info=mixed mode, java.version=1.8.0_152, java.ext.dirs=/Users/pouriatoopchi/Library/Java/Extensions:/Library/Java/JavaVirtualMachines/jdk1.8.0_152.jdk/Contents/Home/jre/lib/ext:/Library/Java/Extensions:/Network/Library/Java/Extensions:/System/Library/Java/Extensions:/usr/lib/java, sun.boot.class.path=/Library/Java/JavaVirtualMachines/jdk1.8.0_152.jdk/Contents/Home/jre/lib/resources.jar:/Library/Java/JavaVirtualMachines/jdk1.8.0_152.jdk/Contents/Home/jre/lib/rt.jar:/Library/Java/JavaVirtualMachines/jdk1.8.0_152.jdk/Contents/Home/jre/lib/sunrsasign.jar:/Library/Java/JavaVirtualMachines/jdk1.8.0_152.jdk/Contents/Home/jre/lib/jsse.jar:/Library/Java/JavaVirtualMachines/jdk1.8.0_152.jdk/Contents/Home/jre/lib/jce.jar:/Library/Java/JavaVirtualMachines/jdk1.8.0_152.jdk/Contents/Home/jre/lib/charsets.jar:/Library/Java/JavaVirtualMachines/jdk1.8.0_152.jdk/Contents/Home/jre/lib/jfr.jar:/Library/Java/JavaVirtualMachines/jdk1.8.0_152.jdk/Contents/Home/jre/classes, java.vendor=Oracle Corporation, org.gradle.test.worker=26, file.separator=/, java.vendor.url.bug=http://bugreport.sun.com/bugreport/, sun.io.unicode.encoding=UnicodeBig, sun.cpu.endian=little, socksNonProxyHosts=local|*.local|169.254/16|*.169.254/16, ftp.nonProxyHosts=local|*.local|169.254/16|*.169.254/16, sun.cpu.isalist=}}, SystemEnvironmentPropertySource@1638853184 {name='systemEnvironment', properties={PATH=/Library/Frameworks/Python.framework/Versions/3.6/bin:/usr/local/bin:/usr/bin:/bin:/usr/sbin:/sbin, JAVA_ARCH=x86_64, JAVA_MAIN_CLASS_44726=worker.org.gradle.process.internal.worker.GradleWorkerMain, TERM=xterm-256color, LANG=en_GB.UTF-8, LOGNAME=pouriatoopchi, TERM_PROGRAM_VERSION=421.1, PWD=/Users/pouriatoopchi/Desktop/UniWork/Year2/SoftwareEngineering/Sprint3/Coursework/zr29-pt180-sprint-3-miniproject/sprint3.miniproject, XPC_SERVICE_NAME=0, APP_NAME_44711=Gradle, SHELL=/bin/bash, TERM_PROGRAM=Apple_Terminal, OLDPWD=/Users/pouriatoopchi/Desktop/UniWork/Year2/SoftwareEngineering/Sprint3/Coursework/zr29-pt180-sprint-3-miniproject/sprint3.miniproject, JAVA_MAIN_CLASS_44711=org.gradle.wrapper.GradleWrapperMain, USER=pouriatoopchi, TMPDIR=/var/folders/5n/_12ldkr56vd84wx0y6l2b1w80000gn/T/, SSH_AUTH_SOCK=/private/tmp/com.apple.launchd.x3ONqS5Eoj/Listeners, XPC_FLAGS=0x0, TERM_SESSION_ID=224D3297-C6D8-48A0-B003-6EA47D2B14D4, __CF_USER_TEXT_ENCODING=0x1F5:0x0:0x2, Apple_PubSub_Socket_Render=/private/tmp/com.apple.launchd.zgpBTLZdTh/Render, com.apple.java.jvmTask=CommandLine, APP_ICON_44711=/Users/pouriatoopchi/Desktop/UniWork/Year2/SoftwareEngineering/Sprint3/Coursework/zr29-pt180-sprint-3-miniproject/sprint3.miniproject/media/gradle.icns, SHLVL=1, HOME=/Users/pouriatoopchi}}]
18:13:20.896 [Test worker] DEBUG org.springframework.core.io.support.PathMatchingResourcePatternResolver - Resolved classpath location [app/] to resources [URL [file:/Users/pouriatoopchi/Desktop/UniWork/Year2/SoftwareEngineering/Sprint3/Coursework/zr29-pt180-sprint-3-miniproject/sprint3.miniproject/build/classes/groovy/test/app/], URL [file:/Users/pouriatoopchi/Desktop/UniWork/Year2/SoftwareEngineering/Sprint3/Coursework/zr29-pt180-sprint-3-miniproject/sprint3.miniproject/build/classes/java/main/app/]]
18:13:20.897 [Test worker] DEBUG org.springframework.core.io.support.PathMatchingResourcePatternResolver - Looking for matching resources in directory tree [/Users/pouriatoopchi/Desktop/UniWork/Year2/SoftwareEngineering/Sprint3/Coursework/zr29-pt180-sprint-3-miniproject/sprint3.miniproject/build/classes/groovy/test/app]
18:13:20.897 [Test worker] DEBUG org.springframework.core.io.support.PathMatchingResourcePatternResolver - Searching directory [/Users/pouriatoopchi/Desktop/UniWork/Year2/SoftwareEngineering/Sprint3/Coursework/zr29-pt180-sprint-3-miniproject/sprint3.miniproject/build/classes/groovy/test/app] for files matching pattern [/Users/pouriatoopchi/Desktop/UniWork/Year2/SoftwareEngineering/Sprint3/Coursework/zr29-pt180-sprint-3-miniproject/sprint3.miniproject/build/classes/groovy/test/app/*.class]
18:13:20.901 [Test worker] DEBUG org.springframework.core.io.support.PathMatchingResourcePatternResolver - Looking for matching resources in directory tree [/Users/pouriatoopchi/Desktop/UniWork/Year2/SoftwareEngineering/Sprint3/Coursework/zr29-pt180-sprint-3-miniproject/sprint3.miniproject/build/classes/java/main/app]
18:13:20.901 [Test worker] DEBUG org.springframework.core.io.support.PathMatchingResourcePatternResolver - Searching directory [/Users/pouriatoopchi/Desktop/UniWork/Year2/SoftwareEngineering/Sprint3/Coursework/zr29-pt180-sprint-3-miniproject/sprint3.miniproject/build/classes/java/main/app] for files matching pattern [/Users/pouriatoopchi/Desktop/UniWork/Year2/SoftwareEngineering/Sprint3/Coursework/zr29-pt180-sprint-3-miniproject/sprint3.miniproject/build/classes/java/main/app/*.class]
18:13:20.903 [Test worker] DEBUG org.springframework.core.io.support.PathMatchingResourcePatternResolver - Resolved location pattern [classpath*:app/*.class] to resources [file [/Users/pouriatoopchi/Desktop/UniWork/Year2/SoftwareEngineering/Sprint3/Coursework/zr29-pt180-sprint-3-miniproject/sprint3.miniproject/build/classes/groovy/test/app/OrganizerSpec.class], file [/Users/pouriatoopchi/Desktop/UniWork/Year2/SoftwareEngineering/Sprint3/Coursework/zr29-pt180-sprint-3-miniproject/sprint3.miniproject/build/classes/java/main/app/OrganizerApp.class], file [/Users/pouriatoopchi/Desktop/UniWork/Year2/SoftwareEngineering/Sprint3/Coursework/zr29-pt180-sprint-3-miniproject/sprint3.miniproject/build/classes/java/main/app/WebConfig.class]]
18:13:20.985 [Test worker] DEBUG org.springframework.context.annotation.ClassPathScanningCandidateComponentProvider - Identified candidate component class: file [/Users/pouriatoopchi/Desktop/UniWork/Year2/SoftwareEngineering/Sprint3/Coursework/zr29-pt180-sprint-3-miniproject/sprint3.miniproject/build/classes/java/main/app/OrganizerApp.class]
18:13:20.989 [Test worker] INFO org.springframework.boot.test.context.SpringBootTestContextBootstrapper - Found @SpringBootConfiguration app.OrganizerApp for test class app.OrganizerSpec
18:13:20.992 [Test worker] DEBUG org.springframework.boot.test.autoconfigure.web.servlet.WebMvcTestContextBootstrapper - @TestExecutionListeners is not present for class [app.OrganizerSpec]: using defaults.
18:13:20.992 [Test worker] INFO org.springframework.boot.test.autoconfigure.web.servlet.WebMvcTestContextBootstrapper - Loaded default TestExecutionListener class names from location [META-INF/spring.factories]: [org.springframework.boot.test.autoconfigure.restdocs.RestDocsTestExecutionListener, org.springframework.boot.test.autoconfigure.web.client.MockRestServiceServerResetTestExecutionListener, org.springframework.boot.test.autoconfigure.web.servlet.MockMvcPrintOnlyOnFailureTestExecutionListener, org.springframework.boot.test.autoconfigure.web.servlet.WebDriverTestExecutionListener, org.springframework.boot.test.mock.mockito.MockitoTestExecutionListener, org.springframework.boot.test.mock.mockito.ResetMocksTestExecutionListener, org.springframework.test.context.web.ServletTestExecutionListener, org.springframework.test.context.support.DirtiesContextBeforeModesTestExecutionListener, org.springframework.test.context.support.DependencyInjectionTestExecutionListener, org.springframework.test.context.support.DirtiesContextTestExecutionListener, org.springframework.test.context.transaction.TransactionalTestExecutionListener, org.springframework.test.context.jdbc.SqlScriptsTestExecutionListener]
18:13:21.011 [Test worker] DEBUG org.springframework.boot.test.autoconfigure.web.servlet.WebMvcTestContextBootstrapper - Skipping candidate TestExecutionListener [org.springframework.test.context.transaction.TransactionalTestExecutionListener] due to a missing dependency. Specify custom listener classes or make the default listener classes and their required dependencies available. Offending class: [org/springframework/transaction/interceptor/TransactionAttributeSource]
18:13:21.012 [Test worker] DEBUG org.springframework.boot.test.autoconfigure.web.servlet.WebMvcTestContextBootstrapper - Skipping candidate TestExecutionListener [org.springframework.test.context.jdbc.SqlScriptsTestExecutionListener] due to a missing dependency. Specify custom listener classes or make the default listener classes and their required dependencies available. Offending class: [org/springframework/transaction/interceptor/TransactionAttribute]
18:13:21.012 [Test worker] INFO org.springframework.boot.test.autoconfigure.web.servlet.WebMvcTestContextBootstrapper - Using TestExecutionListeners: [org.springframework.test.context.web.ServletTestExecutionListener@40ab13f4, org.springframework.test.context.support.DirtiesContextBeforeModesTestExecutionListener@43425c6c, org.springframework.boot.test.mock.mockito.MockitoTestExecutionListener@3631ed4c, org.springframework.boot.test.autoconfigure.SpringBootDependencyInjectionTestExecutionListener@5375cf45, org.springframework.test.context.support.DirtiesContextTestExecutionListener@4bd9426c, org.springframework.boot.test.autoconfigure.restdocs.RestDocsTestExecutionListener@1a29c647, org.springframework.boot.test.autoconfigure.web.client.MockRestServiceServerResetTestExecutionListener@23cb03c3, org.springframework.boot.test.autoconfigure.web.servlet.MockMvcPrintOnlyOnFailureTestExecutionListener@5e39ef18, org.springframework.boot.test.autoconfigure.web.servlet.WebDriverTestExecutionListener@5ff21c91, org.springframework.boot.test.mock.mockito.ResetMocksTestExecutionListener@b3de2d6]
18:13:21.071 [Test worker] DEBUG com.athaydes.spockframework.report.SpecInfoListener - Before spec: app.OrganizerSpec
18:13:21.079 [Test worker] DEBUG org.springframework.test.context.support.AbstractDirtiesContextTestExecutionListener - Before test class: context [DefaultTestContext@415f194f testClass = OrganizerSpec, testInstance = [null], testMethod = [null], testException = [null], mergedContextConfiguration = [WebMergedContextConfiguration@3a9d9329 testClass = OrganizerSpec, locations = '{}', classes = '{class app.OrganizerApp}', contextInitializerClasses = '[]', activeProfiles = '{}', propertySourceLocations = '{}', propertySourceProperties = '{org.springframework.boot.test.autoconfigure.web.servlet.WebMvcTestContextBootstrapper=true}', contextCustomizers = set[org.springframework.boot.test.autoconfigure.OverrideAutoConfigurationContextCustomizerFactory$DisableAutoConfigurationContextCustomizer@7db8f594, org.springframework.boot.test.autoconfigure.filter.TypeExcludeFiltersContextCustomizer@c6b3b66c, org.springframework.boot.test.autoconfigure.properties.PropertyMappingContextCustomizer@9b2dccc7, org.springframework.boot.test.autoconfigure.web.servlet.WebDriverContextCustomizerFactory$Customizer@60cd5e64, [ImportsContextCustomizer@44b49dc0 key = [org.springframework.boot.autoconfigure.cache.CacheAutoConfiguration, org.springframework.boot.autoconfigure.context.MessageSourceAutoConfiguration, org.springframework.boot.autoconfigure.freemarker.FreeMarkerAutoConfiguration, org.springframework.boot.autoconfigure.groovy.template.GroovyTemplateAutoConfiguration, org.springframework.boot.autoconfigure.gson.GsonAutoConfiguration, org.springframework.boot.autoconfigure.hateoas.HypermediaAutoConfiguration, org.springframework.boot.autoconfigure.http.HttpMessageConvertersAutoConfiguration, org.springframework.boot.autoconfigure.jackson.JacksonAutoConfiguration, org.springframework.boot.autoconfigure.jsonb.JsonbAutoConfiguration, org.springframework.boot.autoconfigure.mustache.MustacheAutoConfiguration, org.springframework.boot.autoconfigure.thymeleaf.ThymeleafAutoConfiguration, org.springframework.boot.autoconfigure.validation.ValidationAutoConfiguration, org.springframework.boot.autoconfigure.web.servlet.error.ErrorMvcAutoConfiguration, org.springframework.boot.autoconfigure.web.servlet.WebMvcAutoConfiguration, org.springframework.boot.test.autoconfigure.web.servlet.MockMvcAutoConfiguration, org.springframework.boot.test.autoconfigure.web.servlet.MockMvcSecurityAutoConfiguration, org.springframework.boot.test.autoconfigure.web.servlet.MockMvcWebClientAutoConfiguration, org.springframework.boot.test.autoconfigure.web.servlet.MockMvcWebDriverAutoConfiguration]], org.springframework.boot.test.context.filter.ExcludeFilterContextCustomizer@5e576515, org.springframework.boot.test.json.DuplicateJsonObjectContextCustomizerFactory$DuplicateJsonObjectContextCustomizer@4bfaee3a, org.springframework.boot.test.mock.mockito.MockitoContextCustomizer@0], resourceBasePath = '', contextLoader = 'org.springframework.boot.test.context.SpringBootContextLoader', parent = [null]], attributes = map[[empty]]], class annotated with @DirtiesContext [false] with mode [null].
18:13:21.084 [Test worker] DEBUG com.athaydes.spockframework.report.SpecInfoListener - Before feature: 0: Decreasing Todo priority from 10 to 9 throws RuntimeException
18:13:21.094 [Test worker] DEBUG com.athaydes.spockframework.report.SpecInfoListener - Before iteration: 0: Decreasing Todo priority from 10 to 9 throws RuntimeException
18:13:21.103 [Test worker] DEBUG org.springframework.test.context.support.DependencyInjectionTestExecutionListener - Performing dependency injection for test context [[DefaultTestContext@415f194f testClass = OrganizerSpec, testInstance = app.OrganizerSpec@38982e3f, testMethod = [null], testException = [null], mergedContextConfiguration = [WebMergedContextConfiguration@3a9d9329 testClass = OrganizerSpec, locations = '{}', classes = '{class app.OrganizerApp}', contextInitializerClasses = '[]', activeProfiles = '{}', propertySourceLocations = '{}', propertySourceProperties = '{org.springframework.boot.test.autoconfigure.web.servlet.WebMvcTestContextBootstrapper=true}', contextCustomizers = set[org.springframework.boot.test.autoconfigure.OverrideAutoConfigurationContextCustomizerFactory$DisableAutoConfigurationContextCustomizer@7db8f594, org.springframework.boot.test.autoconfigure.filter.TypeExcludeFiltersContextCustomizer@c6b3b66c, org.springframework.boot.test.autoconfigure.properties.PropertyMappingContextCustomizer@9b2dccc7, org.springframework.boot.test.autoconfigure.web.servlet.WebDriverContextCustomizerFactory$Customizer@60cd5e64, [ImportsContextCustomizer@44b49dc0 key = [org.springframework.boot.autoconfigure.cache.CacheAutoConfiguration, org.springframework.boot.autoconfigure.context.MessageSourceAutoConfiguration, org.springframework.boot.autoconfigure.freemarker.FreeMarkerAutoConfiguration, org.springframework.boot.autoconfigure.groovy.template.GroovyTemplateAutoConfiguration, org.springframework.boot.autoconfigure.gson.GsonAutoConfiguration, org.springframework.boot.autoconfigure.hateoas.HypermediaAutoConfiguration, org.springframework.boot.autoconfigure.http.HttpMessageConvertersAutoConfiguration, org.springframework.boot.autoconfigure.jackson.JacksonAutoConfiguration, org.springframework.boot.autoconfigure.jsonb.JsonbAutoConfiguration, org.springframework.boot.autoconfigure.mustache.MustacheAutoConfiguration, org.springframework.boot.autoconfigure.thymeleaf.ThymeleafAutoConfiguration, org.springframework.boot.autoconfigure.validation.ValidationAutoConfiguration, org.springframework.boot.autoconfigure.web.servlet.error.ErrorMvcAutoConfiguration, org.springframework.boot.autoconfigure.web.servlet.WebMvcAutoConfiguration, org.springframework.boot.test.autoconfigure.web.servlet.MockMvcAutoConfiguration, org.springframework.boot.test.autoconfigure.web.servlet.MockMvcSecurityAutoConfiguration, org.springframework.boot.test.autoconfigure.web.servlet.MockMvcWebClientAutoConfiguration, org.springframework.boot.test.autoconfigure.web.servlet.MockMvcWebDriverAutoConfiguration]], org.springframework.boot.test.context.filter.ExcludeFilterContextCustomizer@5e576515, org.springframework.boot.test.json.DuplicateJsonObjectContextCustomizerFactory$DuplicateJsonObjectContextCustomizer@4bfaee3a, org.springframework.boot.test.mock.mockito.MockitoContextCustomizer@0], resourceBasePath = '', contextLoader = 'org.springframework.boot.test.context.SpringBootContextLoader', parent = [null]], attributes = map[[empty]]]].
18:13:21.140 [Test worker] DEBUG org.springframework.core.env.StandardEnvironment - Adding PropertySource 'systemProperties' with lowest search precedence
18:13:21.140 [Test worker] DEBUG org.springframework.core.env.StandardEnvironment - Adding PropertySource 'systemEnvironment' with lowest search precedence
18:13:21.141 [Test worker] DEBUG org.springframework.core.env.StandardEnvironment - Initialized StandardEnvironment with PropertySources [MapPropertySource@28519880 {name='systemProperties', properties={java.runtime.name=Java(TM) SE Runtime Environment, sun.boot.library.path=/Library/Java/JavaVirtualMachines/jdk1.8.0_152.jdk/Contents/Home/jre/lib, java.vm.version=25.152-b16, gopherProxySet=false, java.vm.vendor=Oracle Corporation, java.vendor.url=http://java.oracle.com/, path.separator=:, java.vm.name=Java HotSpot(TM) 64-Bit Server VM, file.encoding.pkg=sun.io, sun.java.launcher=SUN_STANDARD, user.country=GB, sun.os.patch.level=unknown, java.vm.specification.name=Java Virtual Machine Specification, user.dir=/Users/pouriatoopchi/Desktop/UniWork/Year2/SoftwareEngineering/Sprint3/Coursework/zr29-pt180-sprint-3-miniproject/sprint3.miniproject, java.runtime.version=1.8.0_152-b16, java.awt.graphicsenv=sun.awt.CGraphicsEnvironment, java.endorsed.dirs=/Library/Java/JavaVirtualMachines/jdk1.8.0_152.jdk/Contents/Home/jre/lib/endorsed, os.arch=x86_64, java.io.tmpdir=/var/folders/5n/_12ldkr56vd84wx0y6l2b1w80000gn/T/, line.separator=
, java.vm.specification.vendor=Oracle Corporation, user.variant=, os.name=Mac OS X, sun.jnu.encoding=UTF-8, java.library.path=/Users/pouriatoopchi/Library/Java/Extensions:/Library/Java/Extensions:/Network/Library/Java/Extensions:/System/Library/Java/Extensions:/usr/lib/java:., java.specification.name=Java Platform API Specification, java.class.version=52.0, org.gradle.native=false, sun.management.compiler=HotSpot 64-Bit Tiered Compilers, os.version=10.14.1, http.nonProxyHosts=local|*.local|169.254/16|*.169.254/16, user.home=/Users/pouriatoopchi, user.timezone=Europe/London, java.awt.printerjob=sun.lwawt.macosx.CPrinterJob, file.encoding=UTF-8, java.specification.version=1.8, java.class.path=/Users/pouriatoopchi/Desktop/UniWork/Year2/SoftwareEngineering/Sprint3/Coursework/zr29-pt180-sprint-3-miniproject/sprint3.miniproject/build/classes/java/test:/Users/pouriatoopchi/Desktop/UniWork/Year2/SoftwareEngineering/Sprint3/Coursework/zr29-pt180-sprint-3-miniproject/sprint3.miniproject/build/classes/groovy/test:/Users/pouriatoopchi/Desktop/UniWork/Year2/SoftwareEngineering/Sprint3/Coursework/zr29-pt180-sprint-3-miniproject/sprint3.miniproject/build/resources/test:/Users/pouriatoopchi/Desktop/UniWork/Year2/SoftwareEngineering/Sprint3/Coursework/zr29-pt180-sprint-3-miniproject/sprint3.miniproject/build/classes/java/main:/Users/pouriatoopchi/Desktop/UniWork/Year2/SoftwareEngineering/Sprint3/Coursework/zr29-pt180-sprint-3-miniproject/sprint3.miniproject/build/classes/groovy/main:/Users/pouriatoopchi/Desktop/UniWork/Year2/SoftwareEngineering/Sprint3/Coursework/zr29-pt180-sprint-3-miniproject/sprint3.miniproject/build/resources/main:/Users/pouriatoopchi/.gradle/caches/modules-2/files-2.1/org.springframework.boot/spring-boot-starter-web/2.0.4.RELEASE/98d49e981ecf804da877d84259b7b0d1ec2fb6f6/spring-boot-starter-web-2.0.4.RELEASE.jar:/Users/pouriatoopchi/.gradle/caches/modules-2/files-2.1/org.springframework.boot/spring-boot-devtools/2.0.4.RELEASE/f889fe31cfb4ddfa61e2b4637f9c2743bc0918dd/spring-boot-devtools-2.0.4.RELEASE.jar:/Users/pouriatoopchi/.gradle/caches/modules-2/files-2.1/org.apache.tomcat.embed/tomcat-embed-jasper/9.0.10/761ea6f3b09c163f3710f5e811693c0e7a66b5e8/tomcat-embed-jasper-9.0.10.jar:/Users/pouriatoopchi/.gradle/caches/modules-2/files-2.1/javax.servlet/jstl/1.2/74aca283cd4f4b4f3e425f5820cda58f44409547/jstl-1.2.jar:/Users/pouriatoopchi/.gradle/caches/modules-2/files-2.1/org.webjars/bootstrap/3.3.7/d6aeba80236573ed585baa657dac2b951caa8e7e/bootstrap-3.3.7.jar:/Users/pouriatoopchi/.gradle/caches/modules-2/files-2.1/org.springframework.boot/spring-boot-starter-test/2.0.4.RELEASE/8f473705d2742b669f0318f10a956f94a93ba3d2/spring-boot-starter-test-2.0.4.RELEASE.jar:/Users/pouriatoopchi/.gradle/caches/modules-2/files-2.1/org.spockframework/spock-spring/1.1-groovy-2.4/ba2e752469f955e76cfdb61cd64a36089619e05f/spock-spring-1.1-groovy-2.4.jar:/Users/pouriatoopchi/.gradle/caches/modules-2/files-2.1/org.spockframework/spock-core/1.1-groovy-2.4/1c42014d4a18995d5d4aa10a4e060e88f60fdf78/spock-core-1.1-groovy-2.4.jar:/Users/pouriatoopchi/.gradle/caches/modules-2/files-2.1/org.codehaus.groovy/groovy-all/2.4.15/423a17aeb2f64bc6f76e8e44265a548bec80fd42/groovy-all-2.4.15.jar:/Users/pouriatoopchi/.gradle/caches/modules-2/files-2.1/junit/junit/4.12/2973d150c0dc1fefe998f834810d68f278ea58ec/junit-4.12.jar:/Users/pouriatoopchi/.gradle/caches/modules-2/files-2.1/org.hamcrest/hamcrest-library/1.3/4785a3c21320980282f9f33d0d1264a69040538f/hamcrest-library-1.3.jar:/Users/pouriatoopchi/.gradle/caches/modules-2/files-2.1/org.hamcrest/hamcrest-core/1.3/42a25dc3219429f0e5d060061f71acb49bf010a0/hamcrest-core-1.3.jar:/Users/pouriatoopchi/.gradle/caches/modules-2/files-2.1/com.athaydes/spock-reports/1.3.1/53e90c085db00acbe4fee2d3383d4e4de499c3e9/spock-reports-1.3.1.jar:/Users/pouriatoopchi/.gradle/caches/modules-2/files-2.1/org.springframework.boot/spring-boot-starter-json/2.0.4.RELEASE/c7afabf0d7c85db178da4ce0634e3bd2ddb0eb71/spring-boot-starter-json-2.0.4.RELEASE.jar:/Users/pouriatoopchi/.gradle/caches/modules-2/files-2.1/org.springframework.boot/spring-boot-starter/2.0.4.RELEASE/ec46c63a2adeee40058eff1a6baefca13975dc94/spring-boot-starter-2.0.4.RELEASE.jar:/Users/pouriatoopchi/.gradle/caches/modules-2/files-2.1/org.springframework.boot/spring-boot-starter-tomcat/2.0.4.RELEASE/dcf28989a34b0801fea0e810c371fb9dab1e7784/spring-boot-starter-tomcat-2.0.4.RELEASE.jar:/Users/pouriatoopchi/.gradle/caches/modules-2/files-2.1/org.hibernate.validator/hibernate-validator/6.0.11.Final/36f9d10a11e4768f55e8fb91ebe4338a5c43954e/hibernate-validator-6.0.11.Final.jar:/Users/pouriatoopchi/.gradle/caches/modules-2/files-2.1/org.springframework/spring-webmvc/5.0.8.RELEASE/7e5fe57590ca8e4468e50fe1d92b0b67aa4a327a/spring-webmvc-5.0.8.RELEASE.jar:/Users/pouriatoopchi/.gradle/caches/modules-2/files-2.1/org.springframework/spring-web/5.0.8.RELEASE/fa43cdadb4ab2491fd1d0ddb06c0808e4b60fc85/spring-web-5.0.8.RELEASE.jar:/Users/pouriatoopchi/.gradle/caches/modules-2/files-2.1/org.springframework.boot/spring-boot-test-autoconfigure/2.0.4.RELEASE/8a2e3f31e607fdb08deda2f59263ce177f1c4310/spring-boot-test-autoconfigure-2.0.4.RELEASE.jar:/Users/pouriatoopchi/.gradle/caches/modules-2/files-2.1/org.springframework.boot/spring-boot-autoconfigure/2.0.4.RELEASE/65cd1244d606acc02ab7bfc47a203a3fe2400dda/spring-boot-autoconfigure-2.0.4.RELEASE.jar:/Users/pouriatoopchi/.gradle/caches/modules-2/files-2.1/org.springframework.boot/spring-boot-test/2.0.4.RELEASE/8a17fc3cf16b6d75f2ba132ade04409a670095de/spring-boot-test-2.0.4.RELEASE.jar:/Users/pouriatoopchi/.gradle/caches/modules-2/files-2.1/org.springframework.boot/spring-boot/2.0.4.RELEASE/c8619c5b06d4dcdb4cac1e5e9c839e6e8b1c8574/spring-boot-2.0.4.RELEASE.jar:/Users/pouriatoopchi/.gradle/caches/modules-2/files-2.1/org.apache.tomcat.embed/tomcat-embed-websocket/8.5.32/ea5302e378f1449d4e5dda79e8d810c1e7931f91/tomcat-embed-websocket-8.5.32.jar:/Users/pouriatoopchi/.gradle/caches/modules-2/files-2.1/org.apache.tomcat.embed/tomcat-embed-core/9.0.10/fbf9dbc97babe8425332e6baf3925e8f726f3d7b/tomcat-embed-core-9.0.10.jar:/Users/pouriatoopchi/.gradle/caches/modules-2/files-2.1/org.apache.tomcat.embed/tomcat-embed-el/9.0.10/7811474c12b6b3156a4b2c9d85d957c9542a7fd5/tomcat-embed-el-9.0.10.jar:/Users/pouriatoopchi/.gradle/caches/modules-2/files-2.1/org.eclipse.jdt/ecj/3.13.102/d8061c14ff6388664299403791ae6bec487c12d7/ecj-3.13.102.jar:/Users/pouriatoopchi/.gradle/caches/modules-2/files-2.1/org.webjars/jquery/1.11.1/195eda53ac8beba7bff08f9919b48c954c858590/jquery-1.11.1.jar:/Users/pouriatoopchi/.gradle/caches/modules-2/files-2.1/com.jayway.jsonpath/json-path/2.4.0/765a4401ceb2dc8d40553c2075eb80a8fa35c2ae/json-path-2.4.0.jar:/Users/pouriatoopchi/.gradle/caches/modules-2/files-2.1/org.assertj/assertj-core/3.9.1/c5ce126b15f28d56cd8f960c1a6a058b9c9aea87/assertj-core-3.9.1.jar:/Users/pouriatoopchi/.gradle/caches/modules-2/files-2.1/org.mockito/mockito-core/2.15.0/b84bfbbc29cd22c9529409627af6ea2897f4fa85/mockito-core-2.15.0.jar:/Users/pouriatoopchi/.gradle/caches/modules-2/files-2.1/org.skyscreamer/jsonassert/1.5.0/6c9d5fe2f59da598d9aefc1cfc6528ff3cf32df3/jsonassert-1.5.0.jar:/Users/pouriatoopchi/.gradle/caches/modules-2/files-2.1/org.springframework/spring-test/5.0.8.RELEASE/5782619373bd7e7b7d9106203c317b04bb613ebb/spring-test-5.0.8.RELEASE.jar:/Users/pouriatoopchi/.gradle/caches/modules-2/files-2.1/org.springframework/spring-context/5.0.8.RELEASE/3a067d8990761111c9b6d1d895640be26cc1fb38/spring-context-5.0.8.RELEASE.jar:/Users/pouriatoopchi/.gradle/caches/modules-2/files-2.1/org.springframework/spring-aop/5.0.8.RELEASE/f5086c1a3185c481104511837427b39a07a57aa2/spring-aop-5.0.8.RELEASE.jar:/Users/pouriatoopchi/.gradle/caches/modules-2/files-2.1/org.springframework/spring-beans/5.0.8.RELEASE/5fc965d3e7f5515099244857a8ae9e2a208c169b/spring-beans-5.0.8.RELEASE.jar:/Users/pouriatoopchi/.gradle/caches/modules-2/files-2.1/org.springframework/spring-expression/5.0.8.RELEASE/f23158f22c917df2cddf2ecebc398a9e95f95fae/spring-expression-5.0.8.RELEASE.jar:/Users/pouriatoopchi/.gradle/caches/modules-2/files-2.1/org.springframework/spring-core/5.0.8.RELEASE/dc39c49e3246cdf73d3786ac41119140aed3fa08/spring-core-5.0.8.RELEASE.jar:/Users/pouriatoopchi/.gradle/caches/modules-2/files-2.1/org.xmlunit/xmlunit-core/2.5.1/4ffdb346572a7356f7521cd3119ce5287d2e339d/xmlunit-core-2.5.1.jar:/Users/pouriatoopchi/.gradle/caches/modules-2/files-2.1/org.springframework.boot/spring-boot-starter-logging/2.0.4.RELEASE/dcd1a2c431c970f44adae64d9145133979a513ab/spring-boot-starter-logging-2.0.4.RELEASE.jar:/Users/pouriatoopchi/.gradle/caches/modules-2/files-2.1/javax.annotation/javax.annotation-api/1.3.2/934c04d3cfef185a8008e7bf34331b79730a9d43/javax.annotation-api-1.3.2.jar:/Users/pouriatoopchi/.gradle/caches/modules-2/files-2.1/org.yaml/snakeyaml/1.19/2d998d3d674b172a588e54ab619854d073f555b5/snakeyaml-1.19.jar:/Users/pouriatoopchi/.gradle/caches/modules-2/files-2.1/com.fasterxml.jackson.datatype/jackson-datatype-jdk8/2.9.6/456895fc91bf7180b216fead220373e6278230c9/jackson-datatype-jdk8-2.9.6.jar:/Users/pouriatoopchi/.gradle/caches/modules-2/files-2.1/com.fasterxml.jackson.datatype/jackson-datatype-jsr310/2.9.6/ea54f6193d224e5e5732bbd4262327eb465397c2/jackson-datatype-jsr310-2.9.6.jar:/Users/pouriatoopchi/.gradle/caches/modules-2/files-2.1/com.fasterxml.jackson.module/jackson-module-parameter-names/2.9.6/129acd77a4b6ee30d62d3a0899b1344c8ec2bff8/jackson-module-parameter-names-2.9.6.jar:/Users/pouriatoopchi/.gradle/caches/modules-2/files-2.1/com.fasterxml.jackson.core/jackson-databind/2.9.6/cfa4f316351a91bfd95cb0644c6a2c95f52db1fc/jackson-databind-2.9.6.jar:/Users/pouriatoopchi/.gradle/caches/modules-2/files-2.1/javax.validation/validation-api/2.0.1.Final/cb855558e6271b1b32e716d24cb85c7f583ce09e/validation-api-2.0.1.Final.jar:/Users/pouriatoopchi/.gradle/caches/modules-2/files-2.1/org.jboss.logging/jboss-logging/3.3.2.Final/3789d00e859632e6c6206adc0c71625559e6e3b0/jboss-logging-3.3.2.Final.jar:/Users/pouriatoopchi/.gradle/caches/modules-2/files-2.1/com.fasterxml/classmate/1.3.4/3d5f48f10bbe4eb7bd862f10c0583be2e0053c6/classmate-1.3.4.jar:/Users/pouriatoopchi/.gradle/caches/modules-2/files-2.1/org.apache.tomcat/tomcat-annotations-api/9.0.10/18836b46b76d385615a738d5136fdbdaf9b0f32c/tomcat-annotations-api-9.0.10.jar:/Users/pouriatoopchi/.gradle/caches/modules-2/files-2.1/net.minidev/json-smart/2.3/7396407491352ce4fa30de92efb158adb76b5b/json-smart-2.3.jar:/Users/pouriatoopchi/.gradle/caches/modules-2/files-2.1/ch.qos.logback/logback-classic/1.2.3/7c4f3c474fb2c041d8028740440937705ebb473a/logback-classic-1.2.3.jar:/Users/pouriatoopchi/.gradle/caches/modules-2/files-2.1/org.apache.logging.log4j/log4j-to-slf4j/2.10.0/f7e631ccf49cfc0aefa4a2a728da7d374c05bd3c/log4j-to-slf4j-2.10.0.jar:/Users/pouriatoopchi/.gradle/caches/modules-2/files-2.1/org.slf4j/jul-to-slf4j/1.7.25/af5364cd6679bfffb114f0dec8a157aaa283b76/jul-to-slf4j-1.7.25.jar:/Users/pouriatoopchi/.gradle/caches/modules-2/files-2.1/org.slf4j/slf4j-api/1.7.25/da76ca59f6a57ee3102f8f9bd9cee742973efa8a/slf4j-api-1.7.25.jar:/Users/pouriatoopchi/.gradle/caches/modules-2/files-2.1/net.bytebuddy/byte-buddy/1.7.9/51218a01a882c04d0aba8c028179cce488bbcb58/byte-buddy-1.7.9.jar:/Users/pouriatoopchi/.gradle/caches/modules-2/files-2.1/net.bytebuddy/byte-buddy-agent/1.7.9/a6c65f9da7f467ee1f02ff2841ffd3155aee2fc9/byte-buddy-agent-1.7.9.jar:/Users/pouriatoopchi/.gradle/caches/modules-2/files-2.1/org.objenesis/objenesis/2.6/639033469776fd37c08358c6b92a4761feb2af4b/objenesis-2.6.jar:/Users/pouriatoopchi/.gradle/caches/modules-2/files-2.1/com.vaadin.external.google/android-json/0.0.20131108.vaadin1/fa26d351fe62a6a17f5cda1287c1c6110dec413f/android-json-0.0.20131108.vaadin1.jar:/Users/pouriatoopchi/.gradle/caches/modules-2/files-2.1/org.springframework/spring-jcl/5.0.8.RELEASE/a1fa8fb560fb252321776e16bc9ac8201af4ef5e/spring-jcl-5.0.8.RELEASE.jar:/Users/pouriatoopchi/.gradle/caches/modules-2/files-2.1/com.fasterxml.jackson.core/jackson-annotations/2.9.0/7c10d545325e3a6e72e06381afe469fd40eb701/jackson-annotations-2.9.0.jar:/Users/pouriatoopchi/.gradle/caches/modules-2/files-2.1/com.fasterxml.jackson.core/jackson-core/2.9.6/4e393793c37c77e042ccc7be5a914ae39251b365/jackson-core-2.9.6.jar:/Users/pouriatoopchi/.gradle/caches/modules-2/files-2.1/net.minidev/accessors-smart/1.2/c592b500269bfde36096641b01238a8350f8aa31/accessors-smart-1.2.jar:/Users/pouriatoopchi/.gradle/caches/modules-2/files-2.1/ch.qos.logback/logback-core/1.2.3/864344400c3d4d92dfeb0a305dc87d953677c03c/logback-core-1.2.3.jar:/Users/pouriatoopchi/.gradle/caches/modules-2/files-2.1/org.apache.logging.log4j/log4j-api/2.10.0/fec5797a55b786184a537abd39c3fa1449d752d6/log4j-api-2.10.0.jar:/Users/pouriatoopchi/.gradle/caches/modules-2/files-2.1/org.ow2.asm/asm/5.0.4/da08b8cce7bbf903602a25a3a163ae252435795/asm-5.0.4.jar, user.name=pouriatoopchi, java.vm.specification.version=1.8, sun.java.command=worker.org.gradle.process.internal.worker.GradleWorkerMain 'Gradle Test Executor 26', java.home=/Library/Java/JavaVirtualMachines/jdk1.8.0_152.jdk/Contents/Home/jre, sun.arch.data.model=64, user.language=en, java.specification.vendor=Oracle Corporation, awt.toolkit=sun.lwawt.macosx.LWCToolkit, java.vm.info=mixed mode, java.version=1.8.0_152, java.ext.dirs=/Users/pouriatoopchi/Library/Java/Extensions:/Library/Java/JavaVirtualMachines/jdk1.8.0_152.jdk/Contents/Home/jre/lib/ext:/Library/Java/Extensions:/Network/Library/Java/Extensions:/System/Library/Java/Extensions:/usr/lib/java, sun.boot.class.path=/Library/Java/JavaVirtualMachines/jdk1.8.0_152.jdk/Contents/Home/jre/lib/resources.jar:/Library/Java/JavaVirtualMachines/jdk1.8.0_152.jdk/Contents/Home/jre/lib/rt.jar:/Library/Java/JavaVirtualMachines/jdk1.8.0_152.jdk/Contents/Home/jre/lib/sunrsasign.jar:/Library/Java/JavaVirtualMachines/jdk1.8.0_152.jdk/Contents/Home/jre/lib/jsse.jar:/Library/Java/JavaVirtualMachines/jdk1.8.0_152.jdk/Contents/Home/jre/lib/jce.jar:/Library/Java/JavaVirtualMachines/jdk1.8.0_152.jdk/Contents/Home/jre/lib/charsets.jar:/Library/Java/JavaVirtualMachines/jdk1.8.0_152.jdk/Contents/Home/jre/lib/jfr.jar:/Library/Java/JavaVirtualMachines/jdk1.8.0_152.jdk/Contents/Home/jre/classes, java.vendor=Oracle Corporation, org.gradle.test.worker=26, file.separator=/, java.vendor.url.bug=http://bugreport.sun.com/bugreport/, sun.io.unicode.encoding=UnicodeBig, sun.cpu.endian=little, socksNonProxyHosts=local|*.local|169.254/16|*.169.254/16, ftp.nonProxyHosts=local|*.local|169.254/16|*.169.254/16, sun.cpu.isalist=}}, SystemEnvironmentPropertySource@1849067524 {name='systemEnvironment', properties={PATH=/Library/Frameworks/Python.framework/Versions/3.6/bin:/usr/local/bin:/usr/bin:/bin:/usr/sbin:/sbin, JAVA_ARCH=x86_64, JAVA_MAIN_CLASS_44726=worker.org.gradle.process.internal.worker.GradleWorkerMain, TERM=xterm-256color, LANG=en_GB.UTF-8, LOGNAME=pouriatoopchi, TERM_PROGRAM_VERSION=421.1, PWD=/Users/pouriatoopchi/Desktop/UniWork/Year2/SoftwareEngineering/Sprint3/Coursework/zr29-pt180-sprint-3-miniproject/sprint3.miniproject, XPC_SERVICE_NAME=0, APP_NAME_44711=Gradle, SHELL=/bin/bash, TERM_PROGRAM=Apple_Terminal, OLDPWD=/Users/pouriatoopchi/Desktop/UniWork/Year2/SoftwareEngineering/Sprint3/Coursework/zr29-pt180-sprint-3-miniproject/sprint3.miniproject, JAVA_MAIN_CLASS_44711=org.gradle.wrapper.GradleWrapperMain, USER=pouriatoopchi, TMPDIR=/var/folders/5n/_12ldkr56vd84wx0y6l2b1w80000gn/T/, SSH_AUTH_SOCK=/private/tmp/com.apple.launchd.x3ONqS5Eoj/Listeners, XPC_FLAGS=0x0, TERM_SESSION_ID=224D3297-C6D8-48A0-B003-6EA47D2B14D4, __CF_USER_TEXT_ENCODING=0x1F5:0x0:0x2, Apple_PubSub_Socket_Render=/private/tmp/com.apple.launchd.zgpBTLZdTh/Render, com.apple.java.jvmTask=CommandLine, APP_ICON_44711=/Users/pouriatoopchi/Desktop/UniWork/Year2/SoftwareEngineering/Sprint3/Coursework/zr29-pt180-sprint-3-miniproject/sprint3.miniproject/media/gradle.icns, SHLVL=1, HOME=/Users/pouriatoopchi}}]
18:13:21.292 [Test worker] DEBUG org.springframework.test.context.support.TestPropertySourceUtils - Adding inlined properties to environment: {spring.jmx.enabled=false, org.springframework.boot.test.autoconfigure.web.servlet.WebMvcTestContextBootstrapper=true, server.port=-1}
18:13:21.292 [Test worker] DEBUG org.springframework.core.env.StandardEnvironment - Adding PropertySource 'Inlined Test Properties' with highest search precedence

  .   ____          _            __ _ _
 /\\ / ___'_ __ _ _(_)_ __  __ _ \ \ \ \
( ( )\___ | '_ | '_| | '_ \/ _` | \ \ \ \
 \\/  ___)| |_)| | | | | || (_| |  ) ) ) )
  '  |____| .__|_| |_|_| |_\__, | / / / /
 =========|_|==============|___/=/_/_/_/
 :: Spring Boot ::        (v2.0.4.RELEASE)

2018-11-17 18:13:21.693  INFO 44726 --- [    Test worker] app.OrganizerSpec                        : Starting OrganizerSpec on Pourias-MacBook-Pro.local with PID 44726 (/Users/pouriatoopchi/Desktop/UniWork/Year2/SoftwareEngineering/Sprint3/Coursework/zr29-pt180-sprint-3-miniproject/sprint3.miniproject/build/classes/groovy/test started by pouriatoopchi in /Users/pouriatoopchi/Desktop/UniWork/Year2/SoftwareEngineering/Sprint3/Coursework/zr29-pt180-sprint-3-miniproject/sprint3.miniproject)
2018-11-17 18:13:21.697  INFO 44726 --- [    Test worker] app.OrganizerSpec                        : No active profile set, falling back to default profiles: default
2018-11-17 18:13:21.759  INFO 44726 --- [    Test worker] o.s.w.c.s.GenericWebApplicationContext   : Refreshing org.springframework.web.context.support.GenericWebApplicationContext@14ed2fad: startup date [Sat Nov 17 18:13:21 GMT 2018]; root of context hierarchy
2018-11-17 18:13:23.048  INFO 44726 --- [    Test worker] o.s.w.s.handler.SimpleUrlHandlerMapping  : Mapped URL path [/**/favicon.ico] onto handler of type [class org.springframework.web.servlet.resource.ResourceHttpRequestHandler]
2018-11-17 18:13:23.300  INFO 44726 --- [    Test worker] s.w.s.m.m.a.RequestMappingHandlerAdapter : Looking for @ControllerAdvice: org.springframework.web.context.support.GenericWebApplicationContext@14ed2fad: startup date [Sat Nov 17 18:13:21 GMT 2018]; root of context hierarchy
2018-11-17 18:13:23.398  INFO 44726 --- [    Test worker] s.w.s.m.m.a.RequestMappingHandlerMapping : Mapped "{[/next],methods=[GET]}" onto public java.lang.String app.controller.DisplayTodoController.next(org.springframework.ui.Model)
2018-11-17 18:13:23.399  INFO 44726 --- [    Test worker] s.w.s.m.m.a.RequestMappingHandlerMapping : Mapped "{[/]}" onto public java.lang.String app.controller.DisplayTodoController.start()
2018-11-17 18:13:23.400  INFO 44726 --- [    Test worker] s.w.s.m.m.a.RequestMappingHandlerMapping : Mapped "{[/list]}" onto public java.lang.String app.controller.DisplayTodoController.listTodos(org.springframework.ui.Model)
2018-11-17 18:13:23.404  INFO 44726 --- [    Test worker] s.w.s.m.m.a.RequestMappingHandlerMapping : Mapped "{[/create],methods=[GET]}" onto public java.lang.String app.controller.OrganizerController.create(org.springframework.ui.Model)
2018-11-17 18:13:23.405  INFO 44726 --- [    Test worker] s.w.s.m.m.a.RequestMappingHandlerMapping : Mapped "{[/delete],methods=[GET],params=[id]}" onto public java.lang.String app.controller.OrganizerController.deleteTodo(int)
2018-11-17 18:13:23.405  INFO 44726 --- [    Test worker] s.w.s.m.m.a.RequestMappingHandlerMapping : Mapped "{[/create],methods=[POST],params=[add]}" onto public java.lang.String app.controller.OrganizerController.addNewTodo(app.domain.Todo,org.springframework.validation.BindingResult,org.springframework.ui.Model)
2018-11-17 18:13:23.405  INFO 44726 --- [    Test worker] s.w.s.m.m.a.RequestMappingHandlerMapping : Mapped "{[/create],methods=[POST],params=[cancel]}" onto public java.lang.String app.controller.OrganizerController.cancelNewTodo()
2018-11-17 18:13:23.408  INFO 44726 --- [    Test worker] s.w.s.m.m.a.RequestMappingHandlerMapping : Mapped "{[/error]}" onto public org.springframework.http.ResponseEntity<java.util.Map<java.lang.String, java.lang.Object>> org.springframework.boot.autoconfigure.web.servlet.error.BasicErrorController.error(javax.servlet.http.HttpServletRequest)
2018-11-17 18:13:23.409  INFO 44726 --- [    Test worker] s.w.s.m.m.a.RequestMappingHandlerMapping : Mapped "{[/error],produces=[text/html]}" onto public org.springframework.web.servlet.ModelAndView org.springframework.boot.autoconfigure.web.servlet.error.BasicErrorController.errorHtml(javax.servlet.http.HttpServletRequest,javax.servlet.http.HttpServletResponse)
2018-11-17 18:13:23.438  INFO 44726 --- [    Test worker] o.s.w.s.handler.SimpleUrlHandlerMapping  : Mapped URL path [/webjars/**] onto handler of type [class org.springframework.web.servlet.resource.ResourceHttpRequestHandler]
2018-11-17 18:13:23.438  INFO 44726 --- [    Test worker] o.s.w.s.handler.SimpleUrlHandlerMapping  : Mapped URL path [/**] onto handler of type [class org.springframework.web.servlet.resource.ResourceHttpRequestHandler]
2018-11-17 18:13:23.438  INFO 44726 --- [    Test worker] o.s.w.s.handler.SimpleUrlHandlerMapping  : Mapped URL path [/resources/**] onto handler of type [class org.springframework.web.servlet.resource.ResourceHttpRequestHandler]
2018-11-17 18:13:23.673  INFO 44726 --- [    Test worker] o.s.b.t.m.w.SpringBootMockServletContext : Initializing Spring FrameworkServlet ''
2018-11-17 18:13:23.674  INFO 44726 --- [    Test worker] o.s.t.web.servlet.TestDispatcherServlet  : FrameworkServlet '': initialization started
2018-11-17 18:13:23.690  INFO 44726 --- [    Test worker] o.s.t.web.servlet.TestDispatcherServlet  : FrameworkServlet '': initialization completed in 16 ms
2018-11-17 18:13:23.734  INFO 44726 --- [    Test worker] app.OrganizerSpec                        : Started OrganizerSpec in 2.427 seconds (JVM running for 5.336)
2018-11-17 18:13:23.879  INFO 44726 --- [    Test worker] o.s.b.t.m.w.SpringBootMockServletContext : Initializing Spring FrameworkServlet ''
2018-11-17 18:13:23.880  INFO 44726 --- [    Test worker] o.s.t.web.servlet.TestDispatcherServlet  : FrameworkServlet '': initialization started
2018-11-17 18:13:23.883  INFO 44726 --- [    Test worker] o.s.t.web.servlet.TestDispatcherServlet  : FrameworkServlet '': initialization completed in 2 ms
2018-11-17 18:13:23.994  INFO 44726 --- [    Test worker] o.s.b.t.m.w.SpringBootMockServletContext : Initializing Spring FrameworkServlet ''
2018-11-17 18:13:23.994  INFO 44726 --- [    Test worker] o.s.t.web.servlet.TestDispatcherServlet  : FrameworkServlet '': initialization started
2018-11-17 18:13:23.996  INFO 44726 --- [    Test worker] o.s.t.web.servlet.TestDispatcherServlet  : FrameworkServlet '': initialization completed in 2 ms
2018-11-17 18:13:24.051  INFO 44726 --- [    Test worker] o.s.b.t.m.w.SpringBootMockServletContext : Initializing Spring FrameworkServlet ''
2018-11-17 18:13:24.051  INFO 44726 --- [    Test worker] o.s.t.web.servlet.TestDispatcherServlet  : FrameworkServlet '': initialization started
2018-11-17 18:13:24.054  INFO 44726 --- [    Test worker] o.s.t.web.servlet.TestDispatcherServlet  : FrameworkServlet '': initialization completed in 3 ms
2018-11-17 18:13:24.059  INFO 44726 --- [    Test worker] o.s.b.t.m.w.SpringBootMockServletContext : Initializing Spring FrameworkServlet ''
2018-11-17 18:13:24.059  INFO 44726 --- [    Test worker] o.s.t.web.servlet.TestDispatcherServlet  : FrameworkServlet '': initialization started
2018-11-17 18:13:24.061  INFO 44726 --- [    Test worker] o.s.t.web.servlet.TestDispatcherServlet  : FrameworkServlet '': initialization completed in 1 ms
2018-11-17 18:13:24.069  INFO 44726 --- [    Test worker] o.s.b.t.m.w.SpringBootMockServletContext : Initializing Spring FrameworkServlet ''
2018-11-17 18:13:24.069  INFO 44726 --- [    Test worker] o.s.t.web.servlet.TestDispatcherServlet  : FrameworkServlet '': initialization started
2018-11-17 18:13:24.071  INFO 44726 --- [    Test worker] o.s.t.web.servlet.TestDispatcherServlet  : FrameworkServlet '': initialization completed in 2 ms
2018-11-17 18:13:24.081  INFO 44726 --- [    Test worker] o.s.b.t.m.w.SpringBootMockServletContext : Initializing Spring FrameworkServlet ''
2018-11-17 18:13:24.082  INFO 44726 --- [    Test worker] o.s.t.web.servlet.TestDispatcherServlet  : FrameworkServlet '': initialization started
2018-11-17 18:13:24.084  INFO 44726 --- [    Test worker] o.s.t.web.servlet.TestDispatcherServlet  : FrameworkServlet '': initialization completed in 2 ms
2018-11-17 18:13:24.152  INFO 44726 --- [    Test worker] o.s.b.t.m.w.SpringBootMockServletContext : Initializing Spring FrameworkServlet ''
2018-11-17 18:13:24.153  INFO 44726 --- [    Test worker] o.s.t.web.servlet.TestDispatcherServlet  : FrameworkServlet '': initialization started
2018-11-17 18:13:24.155  INFO 44726 --- [    Test worker] o.s.t.web.servlet.TestDispatcherServlet  : FrameworkServlet '': initialization completed in 1 ms
2018-11-17 18:13:24.159  INFO 44726 --- [    Test worker] o.s.b.t.m.w.SpringBootMockServletContext : Initializing Spring FrameworkServlet ''
2018-11-17 18:13:24.159  INFO 44726 --- [    Test worker] o.s.t.web.servlet.TestDispatcherServlet  : FrameworkServlet '': initialization started
2018-11-17 18:13:24.161  INFO 44726 --- [    Test worker] o.s.t.web.servlet.TestDispatcherServlet  : FrameworkServlet '': initialization completed in 1 ms
2018-11-17 18:13:24.167  INFO 44726 --- [    Test worker] o.s.b.t.m.w.SpringBootMockServletContext : Initializing Spring FrameworkServlet ''
2018-11-17 18:13:24.167  INFO 44726 --- [    Test worker] o.s.t.web.servlet.TestDispatcherServlet  : FrameworkServlet '': initialization started
2018-11-17 18:13:24.169  INFO 44726 --- [    Test worker] o.s.t.web.servlet.TestDispatcherServlet  : FrameworkServlet '': initialization completed in 2 ms
2018-11-17 18:13:24.174  INFO 44726 --- [    Test worker] o.s.b.t.m.w.SpringBootMockServletContext : Initializing Spring FrameworkServlet ''
2018-11-17 18:13:24.174  INFO 44726 --- [    Test worker] o.s.t.web.servlet.TestDispatcherServlet  : FrameworkServlet '': initialization started
2018-11-17 18:13:24.176  INFO 44726 --- [    Test worker] o.s.t.web.servlet.TestDispatcherServlet  : FrameworkServlet '': initialization completed in 2 ms
2018-11-17 18:13:24.183  INFO 44726 --- [    Test worker] o.s.b.t.m.w.SpringBootMockServletContext : Initializing Spring FrameworkServlet ''
2018-11-17 18:13:24.184  INFO 44726 --- [    Test worker] o.s.t.web.servlet.TestDispatcherServlet  : FrameworkServlet '': initialization started
2018-11-17 18:13:24.185  INFO 44726 --- [    Test worker] o.s.t.web.servlet.TestDispatcherServlet  : FrameworkServlet '': initialization completed in 1 ms
2018-11-17 18:13:24.191  INFO 44726 --- [    Test worker] o.s.b.t.m.w.SpringBootMockServletContext : Initializing Spring FrameworkServlet ''
2018-11-17 18:13:24.191  INFO 44726 --- [    Test worker] o.s.t.web.servlet.TestDispatcherServlet  : FrameworkServlet '': initialization started
2018-11-17 18:13:24.193  INFO 44726 --- [    Test worker] o.s.t.web.servlet.TestDispatcherServlet  : FrameworkServlet '': initialization completed in 2 ms
2018-11-17 18:13:24.199  INFO 44726 --- [    Test worker] o.s.b.t.m.w.SpringBootMockServletContext : Initializing Spring FrameworkServlet ''
2018-11-17 18:13:24.199  INFO 44726 --- [    Test worker] o.s.t.web.servlet.TestDispatcherServlet  : FrameworkServlet '': initialization started
2018-11-17 18:13:24.200  INFO 44726 --- [    Test worker] o.s.t.web.servlet.TestDispatcherServlet  : FrameworkServlet '': initialization completed in 1 ms
2018-11-17 18:13:24.206  INFO 44726 --- [    Test worker] o.s.b.t.m.w.SpringBootMockServletContext : Initializing Spring FrameworkServlet ''
2018-11-17 18:13:24.207  INFO 44726 --- [    Test worker] o.s.t.web.servlet.TestDispatcherServlet  : FrameworkServlet '': initialization started
2018-11-17 18:13:24.208  INFO 44726 --- [    Test worker] o.s.t.web.servlet.TestDispatcherServlet  : FrameworkServlet '': initialization completed in 1 ms
2018-11-17 18:13:24.216  INFO 44726 --- [    Test worker] o.s.b.t.m.w.SpringBootMockServletContext : Initializing Spring FrameworkServlet ''
2018-11-17 18:13:24.217  INFO 44726 --- [    Test worker] o.s.t.web.servlet.TestDispatcherServlet  : FrameworkServlet '': initialization started
2018-11-17 18:13:24.220  INFO 44726 --- [    Test worker] o.s.t.web.servlet.TestDispatcherServlet  : FrameworkServlet '': initialization completed in 3 ms
2018-11-17 18:13:24.227  INFO 44726 --- [    Test worker] o.s.b.t.m.w.SpringBootMockServletContext : Initializing Spring FrameworkServlet ''
2018-11-17 18:13:24.228  INFO 44726 --- [    Test worker] o.s.t.web.servlet.TestDispatcherServlet  : FrameworkServlet '': initialization started
2018-11-17 18:13:24.229  INFO 44726 --- [    Test worker] o.s.t.web.servlet.TestDispatcherServlet  : FrameworkServlet '': initialization completed in 1 ms
2018-11-17 18:13:24.240  INFO 44726 --- [    Test worker] o.s.b.t.m.w.SpringBootMockServletContext : Initializing Spring FrameworkServlet ''
2018-11-17 18:13:24.240  INFO 44726 --- [    Test worker] o.s.t.web.servlet.TestDispatcherServlet  : FrameworkServlet '': initialization started
2018-11-17 18:13:24.241  INFO 44726 --- [    Test worker] o.s.t.web.servlet.TestDispatcherServlet  : FrameworkServlet '': initialization completed in 1 ms
2018-11-17 18:13:24.253  INFO 44726 --- [    Test worker] o.s.b.t.m.w.SpringBootMockServletContext : Initializing Spring FrameworkServlet ''
2018-11-17 18:13:24.253  INFO 44726 --- [    Test worker] o.s.t.web.servlet.TestDispatcherServlet  : FrameworkServlet '': initialization started
2018-11-17 18:13:24.255  INFO 44726 --- [    Test worker] o.s.t.web.servlet.TestDispatcherServlet  : FrameworkServlet '': initialization completed in 2 ms
]]></system-out>
  <system-err><![CDATA[]]></system-err>
</testsuite>
